<?xml version="1.0" encoding="UTF-8"?>
<!-- Generated by org.testng.reporters.JUnitReportReporter -->
<testsuite hostname="LAPTOP-LVRJVU6R" failures="0" tests="3" name="com.crm.qa.testcases.LoginPageTest" time="36.857" errors="0" timestamp="2021-12-02T17:56:18 IST" skipped="0">
  <testcase classname="com.crm.qa.testcases.LoginPageTest" name="loginPageTitleTest" time="8.883"/>
  <system-out/>
  <testcase classname="com.crm.qa.testcases.LoginPageTest" name="CRMLogoImageTest" time="10.007"/>
  <system-out/>
  <testcase classname="com.crm.qa.testcases.LoginPageTest" name="loginTest" time="17.967"/>
  <system-out/>
</testsuite> <!-- com.crm.qa.testcases.LoginPageTest -->
