<?xml version="1.0" encoding="UTF-8"?>
<!-- Generated by org.testng.reporters.JUnitReportReporter -->
<testsuite hostname="LAPTOP-LVRJVU6R" failures="0" tests="3" name="com.crm.qa.testcases.HomePageTest" time="32.964" errors="0" timestamp="2021-12-10T20:08:58 IST" skipped="0">
  <testcase classname="com.crm.qa.testcases.HomePageTest" name="verifyHomePageTitleTest" time="8.664"/>
  <system-out/>
  <testcase classname="com.crm.qa.testcases.HomePageTest" name="verifyUserNameTest" time="8.583"/>
  <system-out/>
  <testcase classname="com.crm.qa.testcases.HomePageTest" name="verifyContactsLinkTest" time="15.717"/>
  <system-out/>
</testsuite> <!-- com.crm.qa.testcases.HomePageTest -->
